2026-04-11 12:04:53 INFO  c.e.e.i.RateLimitingTokenBucketInterceptor - =================================================================================================
2026-04-11 12:04:53 INFO  c.e.e.i.RateLimitingTokenBucketInterceptor - RateLimitingInterceptor for Token Bucket is ready.................................................
2026-04-11 12:04:53 INFO  c.e.e.i.RateLimitingTokenBucketInterceptor - enabled               = true
2026-04-11 12:04:53 INFO  c.e.e.i.RateLimitingTokenBucketInterceptor - general capacity      = 5/min
2026-04-11 12:04:53 INFO  c.e.e.i.RateLimitingTokenBucketInterceptor - login capacity        = 5/min
2026-04-11 12:04:53 INFO  c.e.e.i.RateLimitingTokenBucketInterceptor - register capacity     = 3/min
2026-04-11 12:04:53 INFO  c.e.e.i.RateLimitingTokenBucketInterceptor - get-user capacity     = 5/min
2026-04-11 12:04:53 INFO  c.e.e.i.RateLimitingTokenBucketInterceptor - =================================================================================================
2026-04-11 12:06:17 DEBUG c.e.e.i.RateLimitingTokenBucketInterceptor - Token Allowed | IP: 0:0:0:0:0:0:0:1 | URL: /api/v1/reports/user-roles-data | Tokens left: 3
2026-04-11 12:06:17 DEBUG c.e.e.i.RateLimitingTokenBucketInterceptor - Token Allowed | IP: 0:0:0:0:0:0:0:1 | URL: /api/v1/reports/auth-summary-data | Tokens left: 2
2026-04-11 12:06:17 DEBUG c.e.e.i.RateLimitingTokenBucketInterceptor - Token Allowed | IP: 0:0:0:0:0:0:0:1 | URL: /api/v1/reports/users-data | Tokens left: 4
2026-04-11 12:15:16 DEBUG c.e.e.i.RateLimitingTokenBucketInterceptor - Token Allowed | IP: 0:0:0:0:0:0:0:1 | URL: /api/v1/reports/auth-summary-data | Tokens left: 3
2026-04-11 12:15:16 DEBUG c.e.e.i.RateLimitingTokenBucketInterceptor - Token Allowed | IP: 0:0:0:0:0:0:0:1 | URL: /api/v1/reports/users-data | Tokens left: 4
2026-04-11 12:15:16 DEBUG c.e.e.i.RateLimitingTokenBucketInterceptor - Token Allowed | IP: 0:0:0:0:0:0:0:1 | URL: /api/v1/reports/user-roles-data | Tokens left: 2
2026-04-11 12:15:36 DEBUG c.e.e.i.RateLimitingTokenBucketInterceptor - Token Allowed | IP: 0:0:0:0:0:0:0:1 | URL: /api/v1/reports/users-data | Tokens left: 2
2026-04-11 12:15:36 DEBUG c.e.e.i.RateLimitingTokenBucketInterceptor - Token Allowed | IP: 0:0:0:0:0:0:0:1 | URL: /api/v1/reports/auth-summary-data | Tokens left: 1
2026-04-11 12:15:36 DEBUG c.e.e.i.RateLimitingTokenBucketInterceptor - Token Allowed | IP: 0:0:0:0:0:0:0:1 | URL: /api/v1/reports/user-roles-data | Tokens left: 0
2026-04-11 12:27:23 INFO  c.e.e.i.RateLimitingTokenBucketInterceptor - =================================================================================================
2026-04-11 12:27:23 INFO  c.e.e.i.RateLimitingTokenBucketInterceptor - RateLimitingInterceptor for Token Bucket is ready.................................................
2026-04-11 12:27:23 INFO  c.e.e.i.RateLimitingTokenBucketInterceptor - enabled               = true
2026-04-11 12:27:23 INFO  c.e.e.i.RateLimitingTokenBucketInterceptor - general capacity      = 5/min
2026-04-11 12:27:23 INFO  c.e.e.i.RateLimitingTokenBucketInterceptor - login capacity        = 5/min
2026-04-11 12:27:23 INFO  c.e.e.i.RateLimitingTokenBucketInterceptor - register capacity     = 3/min
2026-04-11 12:27:23 INFO  c.e.e.i.RateLimitingTokenBucketInterceptor - get-user capacity     = 5/min
2026-04-11 12:27:23 INFO  c.e.e.i.RateLimitingTokenBucketInterceptor - =================================================================================================
2026-04-11 12:27:43 DEBUG c.e.e.i.RateLimitingTokenBucketInterceptor - Token Allowed | IP: 0:0:0:0:0:0:0:1 | URL: /api/v1/reports/auth-summary-data | Tokens left: 2
2026-04-11 12:27:43 DEBUG c.e.e.i.RateLimitingTokenBucketInterceptor - Token Allowed | IP: 0:0:0:0:0:0:0:1 | URL: /api/v1/reports/user-roles-data | Tokens left: 2
2026-04-11 12:27:43 DEBUG c.e.e.i.RateLimitingTokenBucketInterceptor - Token Allowed | IP: 0:0:0:0:0:0:0:1 | URL: /api/v1/reports/users-data | Tokens left: 4
2026-04-11 12:43:22 INFO  c.e.e.i.RateLimitingTokenBucketInterceptor - =================================================================================================
2026-04-11 12:43:22 INFO  c.e.e.i.RateLimitingTokenBucketInterceptor - RateLimitingInterceptor for Token Bucket is ready.................................................
2026-04-11 12:43:22 INFO  c.e.e.i.RateLimitingTokenBucketInterceptor - enabled               = true
2026-04-11 12:43:22 INFO  c.e.e.i.RateLimitingTokenBucketInterceptor - general capacity      = 5/min
2026-04-11 12:43:22 INFO  c.e.e.i.RateLimitingTokenBucketInterceptor - login capacity        = 5/min
2026-04-11 12:43:22 INFO  c.e.e.i.RateLimitingTokenBucketInterceptor - register capacity     = 3/min
2026-04-11 12:43:22 INFO  c.e.e.i.RateLimitingTokenBucketInterceptor - get-user capacity     = 5/min
2026-04-11 12:43:22 INFO  c.e.e.i.RateLimitingTokenBucketInterceptor - =================================================================================================
2026-04-11 12:46:11 INFO  c.e.e.i.RateLimitingTokenBucketInterceptor - =================================================================================================
2026-04-11 12:46:11 INFO  c.e.e.i.RateLimitingTokenBucketInterceptor - RateLimitingInterceptor for Token Bucket is ready.................................................
2026-04-11 12:46:11 INFO  c.e.e.i.RateLimitingTokenBucketInterceptor - enabled               = true
2026-04-11 12:46:11 INFO  c.e.e.i.RateLimitingTokenBucketInterceptor - general capacity      = 5/min
2026-04-11 12:46:11 INFO  c.e.e.i.RateLimitingTokenBucketInterceptor - login capacity        = 5/min
2026-04-11 12:46:11 INFO  c.e.e.i.RateLimitingTokenBucketInterceptor - register capacity     = 3/min
2026-04-11 12:46:11 INFO  c.e.e.i.RateLimitingTokenBucketInterceptor - get-user capacity     = 5/min
2026-04-11 12:46:11 INFO  c.e.e.i.RateLimitingTokenBucketInterceptor - =================================================================================================
2026-04-11 12:55:29 INFO  c.e.e.i.RateLimitingTokenBucketInterceptor - =================================================================================================
2026-04-11 12:55:29 INFO  c.e.e.i.RateLimitingTokenBucketInterceptor - RateLimitingInterceptor for Token Bucket is ready.................................................
2026-04-11 12:55:29 INFO  c.e.e.i.RateLimitingTokenBucketInterceptor - enabled               = true
2026-04-11 12:55:29 INFO  c.e.e.i.RateLimitingTokenBucketInterceptor - general capacity      = 5/min
2026-04-11 12:55:29 INFO  c.e.e.i.RateLimitingTokenBucketInterceptor - login capacity        = 5/min
2026-04-11 12:55:29 INFO  c.e.e.i.RateLimitingTokenBucketInterceptor - register capacity     = 3/min
2026-04-11 12:55:29 INFO  c.e.e.i.RateLimitingTokenBucketInterceptor - get-user capacity     = 5/min
2026-04-11 12:55:29 INFO  c.e.e.i.RateLimitingTokenBucketInterceptor - =================================================================================================
