2026-03-02T00:01:41.909+05:30  INFO 14840 --- [educationloan] [main] c.e.e.EducationloanApplication           : Starting EducationloanApplication using Java 23.0.2 with PID 14840 (D:\educationloan\target\classes started by Narsing Patil in D:\educationloan)
2026-03-02T00:01:41.935+05:30  INFO 14840 --- [educationloan] [main] c.e.e.EducationloanApplication           : No active profile set, falling back to 1 default profile: "default"
2026-03-02T00:01:43.514+05:30  INFO 14840 --- [educationloan] [main] .s.d.r.c.RepositoryConfigurationDelegate : Bootstrapping Spring Data JPA repositories in DEFAULT mode.
2026-03-02T00:01:43.574+05:30  INFO 14840 --- [educationloan] [main] .s.d.r.c.RepositoryConfigurationDelegate : Finished Spring Data repository scanning in 56 ms. Found 3 JPA repository interfaces.
2026-03-02T00:01:44.527+05:30  INFO 14840 --- [educationloan] [main] o.s.boot.tomcat.TomcatWebServer          : Tomcat initialized with port 8080 (http)
2026-03-02T00:01:44.545+05:30  INFO 14840 --- [educationloan] [main] o.apache.catalina.core.StandardService   : Starting service [Tomcat]
2026-03-02T00:01:44.545+05:30  INFO 14840 --- [educationloan] [main] o.apache.catalina.core.StandardEngine    : Starting Servlet engine: [Apache Tomcat/11.0.18]
2026-03-02T00:01:44.607+05:30  INFO 14840 --- [educationloan] [main] b.w.c.s.WebApplicationContextInitializer : Root WebApplicationContext: initialization completed in 2527 ms
2026-03-02T00:01:45.083+05:30  INFO 14840 --- [educationloan] [main] org.hibernate.orm.jpa                    : HHH008540: Processing PersistenceUnitInfo [name: default]
2026-03-02T00:01:45.194+05:30  INFO 14840 --- [educationloan] [main] org.hibernate.orm.core                   : HHH000001: Hibernate ORM core version 7.2.4.Final
2026-03-02T00:01:45.939+05:30  INFO 14840 --- [educationloan] [main] o.s.o.j.p.SpringPersistenceUnitInfo      : No LoadTimeWeaver setup: ignoring JPA class transformer
2026-03-02T00:01:45.971+05:30  INFO 14840 --- [educationloan] [main] com.zaxxer.hikari.HikariDataSource       : HikariPool-1 - Starting...
2026-03-02T00:01:46.226+05:30  INFO 14840 --- [educationloan] [main] com.zaxxer.hikari.pool.HikariPool        : HikariPool-1 - Added connection org.postgresql.jdbc.PgConnection@4bc21e34
2026-03-02T00:01:46.230+05:30  INFO 14840 --- [educationloan] [main] com.zaxxer.hikari.HikariDataSource       : HikariPool-1 - Start completed.
2026-03-02T00:01:46.303+05:30  WARN 14840 --- [educationloan] [main] org.hibernate.orm.deprecation            : HHH90000025: PostgreSQLDialect does not need to be specified explicitly using 'hibernate.dialect' (remove the property setting and it will be selected by default)
2026-03-02T00:01:46.335+05:30  INFO 14840 --- [educationloan] [main] org.hibernate.orm.connections.pooling    : HHH10001005: Database info:
	Database JDBC URL [jdbc:postgresql://localhost:5432/postgres]
	Database driver: PostgreSQL JDBC Driver
	Database dialect: PostgreSQLDialect
	Database version: 17.6
	Default catalog/schema: postgres/public
	Autocommit mode: undefined/unknown
	Isolation level: READ_COMMITTED [default READ_COMMITTED]
	JDBC fetch size: none
	Pool: DataSourceConnectionProvider
	Minimum pool size: undefined/unknown
	Maximum pool size: undefined/unknown
2026-03-02T00:01:47.574+05:30  INFO 14840 --- [educationloan] [main] org.hibernate.orm.core                   : HHH000489: No JTA platform available (set 'hibernate.transaction.jta.platform' to enable JTA platform integration)
2026-03-02T00:01:47.699+05:30  INFO 14840 --- [educationloan] [main] j.LocalContainerEntityManagerFactoryBean : Initialized JPA EntityManagerFactory for persistence unit 'default'
2026-03-02T00:01:47.857+05:30  INFO 14840 --- [educationloan] [main] o.s.d.j.r.query.QueryEnhancerFactories   : Hibernate is in classpath; If applicable, HQL parser will be used.
2026-03-02T00:01:49.022+05:30  WARN 14840 --- [educationloan] [main] JpaBaseConfiguration$JpaWebConfiguration : spring.jpa.open-in-view is enabled by default. Therefore, database queries may be performed during view rendering. Explicitly configure spring.jpa.open-in-view to disable this warning
2026-03-02T00:01:49.203+05:30  INFO 14840 --- [educationloan] [main] r$InitializeUserDetailsManagerConfigurer : Global AuthenticationManager configured with UserDetailsService bean with name userDetailsService
2026-03-02T00:01:50.241+05:30  INFO 14840 --- [educationloan] [main] o.s.boot.tomcat.TomcatWebServer          : Tomcat started on port 8080 (http) with context path '/'
2026-03-02T00:01:50.241+05:30  INFO 14840 --- [educationloan] [main] c.e.e.EducationloanApplication           : Started EducationloanApplication in 9.169 seconds (process running for 9.803)
2026-03-02T00:02:00.904+05:30  INFO 14840 --- [educationloan] [http-nio-8080-exec-1] o.a.c.c.C.[Tomcat].[localhost].[/]       : Initializing Spring DispatcherServlet 'dispatcherServlet'
2026-03-02T00:02:01.190+05:30  INFO 14840 --- [educationloan] [http-nio-8080-exec-1] c.e.educationloan.service.UserService    : Role ADMIN assigned to user johndoe
2026-03-02T00:02:01.212+05:30  WARN 14840 --- [educationloan] [http-nio-8080-exec-1] org.hibernate.orm.jdbc.error             : HHH000247: ErrorCode: 0, SQLState: 23505
2026-03-02T00:02:01.213+05:30  WARN 14840 --- [educationloan] [http-nio-8080-exec-1] org.hibernate.orm.jdbc.error             : ERROR: duplicate key value violates unique constraint "uk_user_role"
  Detail: Key (user_id, role_id)=(1, 1) already exists.
2026-03-02T00:05:37.212+05:30  INFO 14840 --- [educationloan] [SpringApplicationShutdownHook] o.s.boot.tomcat.GracefulShutdown         : Commencing graceful shutdown. Waiting for active requests to complete
2026-03-02T00:05:37.227+05:30  INFO 14840 --- [educationloan] [tomcat-shutdown] o.s.boot.tomcat.GracefulShutdown         : Graceful shutdown complete
2026-03-02T00:05:37.227+05:30  INFO 14840 --- [educationloan] [SpringApplicationShutdownHook] j.LocalContainerEntityManagerFactoryBean : Closing JPA EntityManagerFactory for persistence unit 'default'
2026-03-02T00:05:37.227+05:30  INFO 14840 --- [educationloan] [SpringApplicationShutdownHook] com.zaxxer.hikari.HikariDataSource       : HikariPool-1 - Shutdown initiated...
2026-03-02T00:05:37.227+05:30  INFO 14840 --- [educationloan] [SpringApplicationShutdownHook] com.zaxxer.hikari.HikariDataSource       : HikariPool-1 - Shutdown completed.
2026-03-02T00:05:43.363+05:30  INFO 9876 --- [educationloan] [main] c.e.e.EducationloanApplication           : Starting EducationloanApplication using Java 23.0.2 with PID 9876 (D:\educationloan\target\classes started by Narsing Patil in D:\educationloan)
2026-03-02T00:05:43.372+05:30  INFO 9876 --- [educationloan] [main] c.e.e.EducationloanApplication           : No active profile set, falling back to 1 default profile: "default"
2026-03-02T00:05:45.575+05:30  INFO 9876 --- [educationloan] [main] .s.d.r.c.RepositoryConfigurationDelegate : Bootstrapping Spring Data JPA repositories in DEFAULT mode.
2026-03-02T00:05:45.692+05:30  INFO 9876 --- [educationloan] [main] .s.d.r.c.RepositoryConfigurationDelegate : Finished Spring Data repository scanning in 93 ms. Found 3 JPA repository interfaces.
2026-03-02T00:05:46.876+05:30  INFO 9876 --- [educationloan] [main] o.s.boot.tomcat.TomcatWebServer          : Tomcat initialized with port 8080 (http)
2026-03-02T00:05:46.908+05:30  INFO 9876 --- [educationloan] [main] o.apache.catalina.core.StandardService   : Starting service [Tomcat]
2026-03-02T00:05:46.908+05:30  INFO 9876 --- [educationloan] [main] o.apache.catalina.core.StandardEngine    : Starting Servlet engine: [Apache Tomcat/11.0.18]
2026-03-02T00:05:46.971+05:30  INFO 9876 --- [educationloan] [main] b.w.c.s.WebApplicationContextInitializer : Root WebApplicationContext: initialization completed in 3455 ms
2026-03-02T00:05:47.335+05:30  INFO 9876 --- [educationloan] [main] org.hibernate.orm.jpa                    : HHH008540: Processing PersistenceUnitInfo [name: default]
2026-03-02T00:05:47.447+05:30  INFO 9876 --- [educationloan] [main] org.hibernate.orm.core                   : HHH000001: Hibernate ORM core version 7.2.4.Final
2026-03-02T00:05:48.264+05:30  INFO 9876 --- [educationloan] [main] o.s.o.j.p.SpringPersistenceUnitInfo      : No LoadTimeWeaver setup: ignoring JPA class transformer
2026-03-02T00:05:48.309+05:30  INFO 9876 --- [educationloan] [main] com.zaxxer.hikari.HikariDataSource       : HikariPool-1 - Starting...
2026-03-02T00:05:48.582+05:30  INFO 9876 --- [educationloan] [main] com.zaxxer.hikari.pool.HikariPool        : HikariPool-1 - Added connection org.postgresql.jdbc.PgConnection@237aa0c7
2026-03-02T00:05:48.588+05:30  INFO 9876 --- [educationloan] [main] com.zaxxer.hikari.HikariDataSource       : HikariPool-1 - Start completed.
2026-03-02T00:05:48.651+05:30  WARN 9876 --- [educationloan] [main] org.hibernate.orm.deprecation            : HHH90000025: PostgreSQLDialect does not need to be specified explicitly using 'hibernate.dialect' (remove the property setting and it will be selected by default)
2026-03-02T00:05:48.683+05:30  INFO 9876 --- [educationloan] [main] org.hibernate.orm.connections.pooling    : HHH10001005: Database info:
	Database JDBC URL [jdbc:postgresql://localhost:5432/postgres]
	Database driver: PostgreSQL JDBC Driver
	Database dialect: PostgreSQLDialect
	Database version: 17.6
	Default catalog/schema: postgres/public
	Autocommit mode: undefined/unknown
	Isolation level: READ_COMMITTED [default READ_COMMITTED]
	JDBC fetch size: none
	Pool: DataSourceConnectionProvider
	Minimum pool size: undefined/unknown
	Maximum pool size: undefined/unknown
2026-03-02T00:05:49.909+05:30  INFO 9876 --- [educationloan] [main] org.hibernate.orm.core                   : HHH000489: No JTA platform available (set 'hibernate.transaction.jta.platform' to enable JTA platform integration)
2026-03-02T00:05:50.003+05:30  INFO 9876 --- [educationloan] [main] j.LocalContainerEntityManagerFactoryBean : Initialized JPA EntityManagerFactory for persistence unit 'default'
2026-03-02T00:05:50.147+05:30  INFO 9876 --- [educationloan] [main] o.s.d.j.r.query.QueryEnhancerFactories   : Hibernate is in classpath; If applicable, HQL parser will be used.
2026-03-02T00:05:51.253+05:30  WARN 9876 --- [educationloan] [main] JpaBaseConfiguration$JpaWebConfiguration : spring.jpa.open-in-view is enabled by default. Therefore, database queries may be performed during view rendering. Explicitly configure spring.jpa.open-in-view to disable this warning
2026-03-02T00:05:51.412+05:30  INFO 9876 --- [educationloan] [main] r$InitializeUserDetailsManagerConfigurer : Global AuthenticationManager configured with UserDetailsService bean with name userDetailsService
2026-03-02T00:05:52.430+05:30  INFO 9876 --- [educationloan] [main] o.s.boot.tomcat.TomcatWebServer          : Tomcat started on port 8080 (http) with context path '/'
2026-03-02T00:05:52.443+05:30  INFO 9876 --- [educationloan] [main] c.e.e.EducationloanApplication           : Started EducationloanApplication in 10.357 seconds (process running for 11.246)
2026-03-02T00:06:00.077+05:30  INFO 9876 --- [educationloan] [http-nio-8080-exec-5] o.a.c.c.C.[Tomcat].[localhost].[/]       : Initializing Spring DispatcherServlet 'dispatcherServlet'
2026-03-02T00:06:00.297+05:30  INFO 9876 --- [educationloan] [http-nio-8080-exec-5] c.e.educationloan.service.UserService    : Role ADMIN assigned to user johndoe
2026-03-02T00:08:28.971+05:30  INFO 9876 --- [educationloan] [http-nio-8080-exec-3] c.e.educationloan.service.UserService    : Role MANAGER assigned to user johndoe
2026-03-02T00:08:50.065+05:30  INFO 9876 --- [educationloan] [SpringApplicationShutdownHook] o.s.boot.tomcat.GracefulShutdown         : Commencing graceful shutdown. Waiting for active requests to complete
2026-03-02T00:08:50.065+05:30  INFO 9876 --- [educationloan] [tomcat-shutdown] o.s.boot.tomcat.GracefulShutdown         : Graceful shutdown complete
2026-03-02T00:08:50.081+05:30  INFO 9876 --- [educationloan] [SpringApplicationShutdownHook] j.LocalContainerEntityManagerFactoryBean : Closing JPA EntityManagerFactory for persistence unit 'default'
2026-03-02T00:08:50.081+05:30  INFO 9876 --- [educationloan] [SpringApplicationShutdownHook] com.zaxxer.hikari.HikariDataSource       : HikariPool-1 - Shutdown initiated...
2026-03-02T00:08:50.081+05:30  INFO 9876 --- [educationloan] [SpringApplicationShutdownHook] com.zaxxer.hikari.HikariDataSource       : HikariPool-1 - Shutdown completed.
2026-03-02T00:15:59.368+05:30  INFO 16732 --- [educationloan] [main] c.e.e.EducationloanApplication           : Starting EducationloanApplication using Java 23.0.2 with PID 16732 (D:\educationloan\target\classes started by Narsing Patil in D:\educationloan)
2026-03-02T00:15:59.384+05:30  INFO 16732 --- [educationloan] [main] c.e.e.EducationloanApplication           : No active profile set, falling back to 1 default profile: "default"
2026-03-02T00:16:01.096+05:30  INFO 16732 --- [educationloan] [main] .s.d.r.c.RepositoryConfigurationDelegate : Bootstrapping Spring Data JPA repositories in DEFAULT mode.
2026-03-02T00:16:01.160+05:30  INFO 16732 --- [educationloan] [main] .s.d.r.c.RepositoryConfigurationDelegate : Finished Spring Data repository scanning in 51 ms. Found 3 JPA repository interfaces.
2026-03-02T00:16:02.078+05:30  INFO 16732 --- [educationloan] [main] o.s.boot.tomcat.TomcatWebServer          : Tomcat initialized with port 8080 (http)
2026-03-02T00:16:02.095+05:30  INFO 16732 --- [educationloan] [main] o.apache.catalina.core.StandardService   : Starting service [Tomcat]
2026-03-02T00:16:02.095+05:30  INFO 16732 --- [educationloan] [main] o.apache.catalina.core.StandardEngine    : Starting Servlet engine: [Apache Tomcat/11.0.18]
2026-03-02T00:16:02.174+05:30  INFO 16732 --- [educationloan] [main] b.w.c.s.WebApplicationContextInitializer : Root WebApplicationContext: initialization completed in 2620 ms
2026-03-02T00:16:02.498+05:30  INFO 16732 --- [educationloan] [main] org.hibernate.orm.jpa                    : HHH008540: Processing PersistenceUnitInfo [name: default]
2026-03-02T00:16:02.594+05:30  INFO 16732 --- [educationloan] [main] org.hibernate.orm.core                   : HHH000001: Hibernate ORM core version 7.2.4.Final
2026-03-02T00:16:03.500+05:30  INFO 16732 --- [educationloan] [main] o.s.o.j.p.SpringPersistenceUnitInfo      : No LoadTimeWeaver setup: ignoring JPA class transformer
2026-03-02T00:16:03.532+05:30  INFO 16732 --- [educationloan] [main] com.zaxxer.hikari.HikariDataSource       : HikariPool-1 - Starting...
2026-03-02T00:16:03.856+05:30  INFO 16732 --- [educationloan] [main] com.zaxxer.hikari.pool.HikariPool        : HikariPool-1 - Added connection org.postgresql.jdbc.PgConnection@fceab5d
2026-03-02T00:16:03.856+05:30  INFO 16732 --- [educationloan] [main] com.zaxxer.hikari.HikariDataSource       : HikariPool-1 - Start completed.
2026-03-02T00:16:03.928+05:30  WARN 16732 --- [educationloan] [main] org.hibernate.orm.deprecation            : HHH90000025: PostgreSQLDialect does not need to be specified explicitly using 'hibernate.dialect' (remove the property setting and it will be selected by default)
2026-03-02T00:16:03.960+05:30  INFO 16732 --- [educationloan] [main] org.hibernate.orm.connections.pooling    : HHH10001005: Database info:
	Database JDBC URL [jdbc:postgresql://localhost:5432/postgres]
	Database driver: PostgreSQL JDBC Driver
	Database dialect: PostgreSQLDialect
	Database version: 17.6
	Default catalog/schema: postgres/public
	Autocommit mode: undefined/unknown
	Isolation level: READ_COMMITTED [default READ_COMMITTED]
	JDBC fetch size: none
	Pool: DataSourceConnectionProvider
	Minimum pool size: undefined/unknown
	Maximum pool size: undefined/unknown
2026-03-02T00:16:05.167+05:30  INFO 16732 --- [educationloan] [main] org.hibernate.orm.core                   : HHH000489: No JTA platform available (set 'hibernate.transaction.jta.platform' to enable JTA platform integration)
2026-03-02T00:16:05.340+05:30  INFO 16732 --- [educationloan] [main] j.LocalContainerEntityManagerFactoryBean : Initialized JPA EntityManagerFactory for persistence unit 'default'
2026-03-02T00:16:05.562+05:30  INFO 16732 --- [educationloan] [main] o.s.d.j.r.query.QueryEnhancerFactories   : Hibernate is in classpath; If applicable, HQL parser will be used.
2026-03-02T00:16:06.876+05:30  WARN 16732 --- [educationloan] [main] JpaBaseConfiguration$JpaWebConfiguration : spring.jpa.open-in-view is enabled by default. Therefore, database queries may be performed during view rendering. Explicitly configure spring.jpa.open-in-view to disable this warning
2026-03-02T00:16:07.061+05:30  INFO 16732 --- [educationloan] [main] r$InitializeUserDetailsManagerConfigurer : Global AuthenticationManager configured with UserDetailsService bean with name userDetailsService
2026-03-02T00:16:08.049+05:30  INFO 16732 --- [educationloan] [main] o.s.boot.tomcat.TomcatWebServer          : Tomcat started on port 8080 (http) with context path '/'
2026-03-02T00:16:08.064+05:30  INFO 16732 --- [educationloan] [main] c.e.e.EducationloanApplication           : Started EducationloanApplication in 9.486 seconds (process running for 10.25)
2026-03-02T00:16:08.076+05:30  INFO 16732 --- [educationloan] [main] c.e.e.config.RoleInitializer             : Available roles are loading in roles database..........................
2026-03-02T00:16:08.459+05:30  INFO 16732 --- [educationloan] [main] c.e.educationloan.service.RoleService    : Created new role with name ADMIN and id 1
2026-03-02T00:16:08.474+05:30  INFO 16732 --- [educationloan] [main] c.e.educationloan.service.RoleService    : Created new role with name USER and id 2
2026-03-02T00:16:08.474+05:30  INFO 16732 --- [educationloan] [main] c.e.educationloan.service.RoleService    : Created new role with name MANAGER and id 3
2026-03-02T00:16:08.474+05:30  INFO 16732 --- [educationloan] [main] c.e.educationloan.service.RoleService    : Created new role with name EMPLOYEE and id 4
2026-03-02T00:16:08.490+05:30  INFO 16732 --- [educationloan] [main] c.e.educationloan.service.RoleService    : Created new role with name CASHIER and id 5
2026-03-02T00:16:08.490+05:30  INFO 16732 --- [educationloan] [main] c.e.educationloan.service.RoleService    : Created new role with name AUDITOR and id 6
2026-03-02T00:16:08.490+05:30  INFO 16732 --- [educationloan] [main] c.e.educationloan.service.RoleService    : Created new role with name SUPPORT and id 7
2026-03-02T00:16:08.490+05:30  INFO 16732 --- [educationloan] [main] c.e.educationloan.service.RoleService    : Created new role with name ANALYST and id 8
2026-03-02T00:16:08.506+05:30  INFO 16732 --- [educationloan] [main] c.e.educationloan.service.RoleService    : Created new role with name DEVELOPER and id 9
2026-03-02T00:16:08.506+05:30  INFO 16732 --- [educationloan] [main] c.e.educationloan.service.RoleService    : Created new role with name TESTER and id 10
2026-03-02T00:16:08.530+05:30  INFO 16732 --- [educationloan] [main] c.e.educationloan.service.RoleService    : Created new role with name CONSULTANT and id 11
2026-03-02T00:16:08.540+05:30  INFO 16732 --- [educationloan] [main] c.e.educationloan.service.RoleService    : Created new role with name INTERN and id 12
2026-03-02T00:16:08.544+05:30  INFO 16732 --- [educationloan] [main] c.e.educationloan.service.RoleService    : Created new role with name CONTRACTOR and id 13
2026-03-02T00:16:08.557+05:30  INFO 16732 --- [educationloan] [main] c.e.educationloan.service.RoleService    : Created new role with name SUPERVISOR and id 14
2026-03-02T00:16:08.557+05:30  INFO 16732 --- [educationloan] [main] c.e.educationloan.service.RoleService    : Created new role with name DIRECTOR and id 15
2026-03-02T00:16:08.570+05:30  INFO 16732 --- [educationloan] [main] c.e.educationloan.service.RoleService    : Created new role with name EXECUTIVE and id 16
2026-03-02T00:16:08.570+05:30  INFO 16732 --- [educationloan] [main] c.e.educationloan.service.RoleService    : Created new role with name OWNER and id 17
2026-03-02T00:16:08.586+05:30  INFO 16732 --- [educationloan] [main] c.e.educationloan.service.RoleService    : Created new role with name GUEST and id 18
2026-03-02T00:16:08.586+05:30  INFO 16732 --- [educationloan] [main] c.e.educationloan.service.RoleService    : Created new role with name MEMBER and id 19
2026-03-02T00:16:08.601+05:30  INFO 16732 --- [educationloan] [main] c.e.educationloan.service.RoleService    : Created new role with name PARTNER and id 20
2026-03-02T00:16:08.601+05:30  INFO 16732 --- [educationloan] [main] c.e.educationloan.service.RoleService    : Created new role with name VENDOR and id 21
2026-03-02T00:16:08.601+05:30  INFO 16732 --- [educationloan] [main] c.e.e.config.RoleInitializer             : all Available roles are Successfully loaded in the roles database..........!!!
2026-03-02T00:16:57.119+05:30  INFO 16732 --- [educationloan] [http-nio-8080-exec-2] o.a.c.c.C.[Tomcat].[localhost].[/]       : Initializing Spring DispatcherServlet 'dispatcherServlet'
2026-03-02T00:16:57.655+05:30  INFO 16732 --- [educationloan] [http-nio-8080-exec-2] c.e.educationloan.service.UserService    : User narsing_98 with email narsingpatil@example.com created successfully
2026-03-02T00:17:37.316+05:30  INFO 16732 --- [educationloan] [http-nio-8080-exec-3] c.e.educationloan.service.UserService    : Role ADMIN assigned to user narsing_98
2026-03-02T00:19:31.607+05:30  INFO 16732 --- [educationloan] [SpringApplicationShutdownHook] o.s.boot.tomcat.GracefulShutdown         : Commencing graceful shutdown. Waiting for active requests to complete
2026-03-02T00:19:31.616+05:30  INFO 16732 --- [educationloan] [tomcat-shutdown] o.s.boot.tomcat.GracefulShutdown         : Graceful shutdown complete
2026-03-02T00:19:31.632+05:30  INFO 16732 --- [educationloan] [SpringApplicationShutdownHook] j.LocalContainerEntityManagerFactoryBean : Closing JPA EntityManagerFactory for persistence unit 'default'
2026-03-02T00:19:31.638+05:30  INFO 16732 --- [educationloan] [SpringApplicationShutdownHook] com.zaxxer.hikari.HikariDataSource       : HikariPool-1 - Shutdown initiated...
2026-03-02T00:19:31.640+05:30  INFO 16732 --- [educationloan] [SpringApplicationShutdownHook] com.zaxxer.hikari.HikariDataSource       : HikariPool-1 - Shutdown completed.
2026-03-02T00:23:54.647+05:30  INFO 7184 --- [educationloan] [main] c.e.e.EducationloanApplication           : Starting EducationloanApplication using Java 23.0.2 with PID 7184 (D:\educationloan\target\classes started by Narsing Patil in D:\educationloan)
2026-03-02T00:23:54.662+05:30  INFO 7184 --- [educationloan] [main] c.e.e.EducationloanApplication           : No active profile set, falling back to 1 default profile: "default"
2026-03-02T00:23:56.329+05:30  INFO 7184 --- [educationloan] [main] .s.d.r.c.RepositoryConfigurationDelegate : Bootstrapping Spring Data JPA repositories in DEFAULT mode.
2026-03-02T00:23:56.422+05:30  INFO 7184 --- [educationloan] [main] .s.d.r.c.RepositoryConfigurationDelegate : Finished Spring Data repository scanning in 81 ms. Found 3 JPA repository interfaces.
2026-03-02T00:23:57.607+05:30  INFO 7184 --- [educationloan] [main] o.s.boot.tomcat.TomcatWebServer          : Tomcat initialized with port 8080 (http)
2026-03-02T00:23:57.639+05:30  INFO 7184 --- [educationloan] [main] o.apache.catalina.core.StandardService   : Starting service [Tomcat]
2026-03-02T00:23:57.639+05:30  INFO 7184 --- [educationloan] [main] o.apache.catalina.core.StandardEngine    : Starting Servlet engine: [Apache Tomcat/11.0.18]
2026-03-02T00:23:57.734+05:30  INFO 7184 --- [educationloan] [main] b.w.c.s.WebApplicationContextInitializer : Root WebApplicationContext: initialization completed in 2964 ms
2026-03-02T00:23:58.180+05:30  INFO 7184 --- [educationloan] [main] org.hibernate.orm.jpa                    : HHH008540: Processing PersistenceUnitInfo [name: default]
2026-03-02T00:23:58.310+05:30  INFO 7184 --- [educationloan] [main] org.hibernate.orm.core                   : HHH000001: Hibernate ORM core version 7.2.4.Final
2026-03-02T00:23:59.069+05:30  INFO 7184 --- [educationloan] [main] o.s.o.j.p.SpringPersistenceUnitInfo      : No LoadTimeWeaver setup: ignoring JPA class transformer
2026-03-02T00:23:59.116+05:30  INFO 7184 --- [educationloan] [main] com.zaxxer.hikari.HikariDataSource       : HikariPool-1 - Starting...
2026-03-02T00:23:59.353+05:30  INFO 7184 --- [educationloan] [main] com.zaxxer.hikari.pool.HikariPool        : HikariPool-1 - Added connection org.postgresql.jdbc.PgConnection@237aa0c7
2026-03-02T00:23:59.353+05:30  INFO 7184 --- [educationloan] [main] com.zaxxer.hikari.HikariDataSource       : HikariPool-1 - Start completed.
2026-03-02T00:23:59.424+05:30  WARN 7184 --- [educationloan] [main] org.hibernate.orm.deprecation            : HHH90000025: PostgreSQLDialect does not need to be specified explicitly using 'hibernate.dialect' (remove the property setting and it will be selected by default)
2026-03-02T00:23:59.473+05:30  INFO 7184 --- [educationloan] [main] org.hibernate.orm.connections.pooling    : HHH10001005: Database info:
	Database JDBC URL [jdbc:postgresql://localhost:5432/postgres]
	Database driver: PostgreSQL JDBC Driver
	Database dialect: PostgreSQLDialect
	Database version: 17.6
	Default catalog/schema: postgres/public
	Autocommit mode: undefined/unknown
	Isolation level: READ_COMMITTED [default READ_COMMITTED]
	JDBC fetch size: none
	Pool: DataSourceConnectionProvider
	Minimum pool size: undefined/unknown
	Maximum pool size: undefined/unknown
2026-03-02T00:24:00.855+05:30  INFO 7184 --- [educationloan] [main] org.hibernate.orm.core                   : HHH000489: No JTA platform available (set 'hibernate.transaction.jta.platform' to enable JTA platform integration)
2026-03-02T00:24:00.984+05:30  WARN 7184 --- [educationloan] [main] org.hibernate.orm.jdbc.warn              : HHH000247: ErrorCode: 0, SQLState: 00000
2026-03-02T00:24:00.984+05:30  WARN 7184 --- [educationloan] [main] org.hibernate.orm.jdbc.warn              : constraint "uk_role_name" of relation "roles" does not exist, skipping
2026-03-02T00:24:01.046+05:30  INFO 7184 --- [educationloan] [main] j.LocalContainerEntityManagerFactoryBean : Initialized JPA EntityManagerFactory for persistence unit 'default'
2026-03-02T00:24:01.205+05:30  INFO 7184 --- [educationloan] [main] o.s.d.j.r.query.QueryEnhancerFactories   : Hibernate is in classpath; If applicable, HQL parser will be used.
2026-03-02T00:24:02.434+05:30  WARN 7184 --- [educationloan] [main] JpaBaseConfiguration$JpaWebConfiguration : spring.jpa.open-in-view is enabled by default. Therefore, database queries may be performed during view rendering. Explicitly configure spring.jpa.open-in-view to disable this warning
2026-03-02T00:24:02.606+05:30  INFO 7184 --- [educationloan] [main] r$InitializeUserDetailsManagerConfigurer : Global AuthenticationManager configured with UserDetailsService bean with name userDetailsService
2026-03-02T00:24:03.738+05:30  INFO 7184 --- [educationloan] [main] o.s.boot.tomcat.TomcatWebServer          : Tomcat started on port 8080 (http) with context path '/'
2026-03-02T00:24:03.752+05:30  INFO 7184 --- [educationloan] [main] c.e.e.EducationloanApplication           : Started EducationloanApplication in 10.008 seconds (process running for 10.777)
2026-03-02T00:24:03.756+05:30  INFO 7184 --- [educationloan] [main] c.e.e.config.RoleInitializer             : Available roles are loading in roles database..........................
2026-03-02T00:24:04.153+05:30  INFO 7184 --- [educationloan] [main] c.e.e.config.RoleInitializer             : all Available roles are Successfully loaded in the roles database..........!!!
2026-03-02T00:25:07.042+05:30  INFO 7184 --- [educationloan] [http-nio-8080-exec-2] o.a.c.c.C.[Tomcat].[localhost].[/]       : Initializing Spring DispatcherServlet 'dispatcherServlet'
2026-03-02T00:25:27.905+05:30  INFO 7184 --- [educationloan] [SpringApplicationShutdownHook] o.s.boot.tomcat.GracefulShutdown         : Commencing graceful shutdown. Waiting for active requests to complete
2026-03-02T00:25:27.917+05:30  INFO 7184 --- [educationloan] [tomcat-shutdown] o.s.boot.tomcat.GracefulShutdown         : Graceful shutdown complete
2026-03-02T00:25:27.917+05:30  INFO 7184 --- [educationloan] [SpringApplicationShutdownHook] j.LocalContainerEntityManagerFactoryBean : Closing JPA EntityManagerFactory for persistence unit 'default'
2026-03-02T00:25:27.917+05:30  INFO 7184 --- [educationloan] [SpringApplicationShutdownHook] com.zaxxer.hikari.HikariDataSource       : HikariPool-1 - Shutdown initiated...
2026-03-02T00:25:27.917+05:30  INFO 7184 --- [educationloan] [SpringApplicationShutdownHook] com.zaxxer.hikari.HikariDataSource       : HikariPool-1 - Shutdown completed.
