2026-03-10 12:33:00 [main] INFO  [31m=================================================================================================[0m
2026-03-10 12:33:00 [main] INFO  [34m RateLimitingInterceptor for Token Bucket is ready..............................[0m
2026-03-10 12:33:00 [main] INFO  [32menabled               = true[0m
2026-03-10 12:33:00 [main] INFO  [32mgeneral capacity      = 100/min[0m
2026-03-10 12:33:00 [main] INFO  [32mlogin capacity        = 5/min[0m
2026-03-10 12:33:00 [main] INFO  [32mregister capacity     = 3/min[0m
2026-03-10 12:33:00 [main] INFO  [32mget-user capacity     = 5/min[0m
2026-03-10 12:33:00 [main] INFO  [31m=================================================================================================[0m
2026-03-10 12:33:04 [scheduling-1] INFO  [33mBucket cleanup | removed=0 | remaining=0[0m
2026-03-10 12:33:45 [http-nio-8080-exec-1] DEBUG [33mToken Allowed | IP: 0:0:0:0:0:0:0:1 | URL: /api/v1/users/get/1 | Tokens left: 4[0m
2026-03-10 12:40:03 [main] INFO  [31m=================================================================================================[0m
2026-03-10 12:40:03 [main] INFO  [34m RateLimitingInterceptor for Token Bucket is ready..............................[0m
2026-03-10 12:40:03 [main] INFO  [32menabled               = true[0m
2026-03-10 12:40:03 [main] INFO  [32mgeneral capacity      = 100/min[0m
2026-03-10 12:40:03 [main] INFO  [32mlogin capacity        = 5/min[0m
2026-03-10 12:40:03 [main] INFO  [32mregister capacity     = 3/min[0m
2026-03-10 12:40:03 [main] INFO  [32mget-user capacity     = 5/min[0m
2026-03-10 12:40:03 [main] INFO  [31m=================================================================================================[0m
2026-03-10 12:40:05 [scheduling-1] INFO  [33mBucket cleanup | removed=0 | remaining=0[0m
2026-03-10 12:40:20 [http-nio-8080-exec-5] DEBUG [33mToken Allowed | IP: 0:0:0:0:0:0:0:1 | URL: /api/v1/users/get/1 | Tokens left: 4[0m
2026-03-10 12:42:53 [http-nio-8080-exec-3] DEBUG [33mToken Allowed | IP: 0:0:0:0:0:0:0:1 | URL: /api/v1/auth/register | Tokens left: 2[0m
2026-03-10 12:43:01 [http-nio-8080-exec-6] DEBUG [33mToken Allowed | IP: 0:0:0:0:0:0:0:1 | URL: /api/v1/auth/register | Tokens left: 1[0m
